build/app/intermediates/manifest_merge_blame_file/release/manifest-merger-blame-release-report.txt
1<?xml version="1.0" encoding="utf-8"?>
2<manifest xmlns:android="http://schemas.android.com/apk/res/android"
3    package="ru.driverHunter"
4    android:versionCode="14"
5    android:versionName="2.0.0" >
6
7    <uses-sdk
8        android:minSdkVersion="16"
8-->src\main\AndroidManifest.xml
9        android:targetSdkVersion="29" />
9-->src\main\AndroidManifest.xml
10
11    <uses-permission android:name="android.permission.ACCESS_FINE_LOCATION" />
11-->src\main\AndroidManifest.xml:4:5-79
11-->src\main\AndroidManifest.xml:4:22-76
12    <uses-permission android:name="android.permission.ACCESS_COARSE_LOCATION" />
12-->src\main\AndroidManifest.xml:5:5-81
12-->src\main\AndroidManifest.xml:5:22-78
13    <uses-permission android:name="android.permission.INTERNET" />
13-->src\main\AndroidManifest.xml:6:5-66
13-->src\main\AndroidManifest.xml:6:22-64
14    <uses-permission android:name="android.permission.FOREGROUND_SERVICE" />
14-->src\main\AndroidManifest.xml:7:5-77
14-->src\main\AndroidManifest.xml:7:22-74
15    <uses-permission android:name="android.permission.ACCESS_BACKGROUND_LOCATION" />
15-->src\main\AndroidManifest.xml:8:5-84
15-->src\main\AndroidManifest.xml:8:22-82
16    <uses-permission android:name="android.permission.READ_EXTERNAL_STORAGE" />
16-->[:image_picker] AndroidManifest.xml:7:5-80
16-->[:image_picker] AndroidManifest.xml:7:22-77
17    <uses-permission android:name="android.permission.WRITE_EXTERNAL_STORAGE" />
17-->[:image_picker] AndroidManifest.xml:8:5-81
17-->[:image_picker] AndroidManifest.xml:8:22-78
18    <uses-permission android:name="android.permission.ACCESS_NETWORK_STATE" />
18-->[com.google.firebase:firebase-iid:20.3.0] AndroidManifest.xml:22:5-79
18-->[com.google.firebase:firebase-iid:20.3.0] AndroidManifest.xml:22:22-76
19    <uses-permission android:name="android.permission.WAKE_LOCK" /> <!-- Required by older versions of Google Play services to create IID tokens -->
19-->[com.google.firebase:firebase-iid:20.3.0] AndroidManifest.xml:24:5-68
19-->[com.google.firebase:firebase-iid:20.3.0] AndroidManifest.xml:24:22-65
20    <uses-permission android:name="com.google.android.c2dm.permission.RECEIVE" />
20-->[com.google.firebase:firebase-iid:20.3.0] AndroidManifest.xml:26:5-82
20-->[com.google.firebase:firebase-iid:20.3.0] AndroidManifest.xml:26:22-79
21    <uses-permission android:name="com.google.android.finsky.permission.BIND_GET_INSTALL_REFERRER_SERVICE" />
21-->[com.google.android.gms:play-services-measurement:17.6.0] AndroidManifest.xml:26:5-110
21-->[com.google.android.gms:play-services-measurement:17.6.0] AndroidManifest.xml:26:22-107
22
23    <uses-feature
23-->[com.google.android.gms:play-services-maps:17.0.0] AndroidManifest.xml:26:5-28:35
24        android:glEsVersion="0x00020000"
24-->[com.google.android.gms:play-services-maps:17.0.0] AndroidManifest.xml:27:9-41
25        android:required="true" />
25-->[com.google.android.gms:play-services-maps:17.0.0] AndroidManifest.xml:28:9-32
26
27    <application
27-->src\main\AndroidManifest.xml:10:5-55:19
28        android:name="io.flutter.app.FlutterApplication"
28-->src\main\AndroidManifest.xml:11:9-57
29        android:appComponentFactory="androidx.core.app.CoreComponentFactory"
29-->[androidx.core:core:1.3.2] AndroidManifest.xml:24:18-86
30        android:icon="@mipmap/ic_launcher"
30-->src\main\AndroidManifest.xml:14:9-43
31        android:label="Hunter Driver"
31-->src\main\AndroidManifest.xml:12:9-38
32        android:usesCleartextTraffic="true" >
32-->src\main\AndroidManifest.xml:13:9-44
33        <meta-data
33-->src\main\AndroidManifest.xml:15:9-16:70
34            android:name="com.google.android.geo.API_KEY"
34-->src\main\AndroidManifest.xml:15:20-65
35            android:value="AIzaSyCa2BNAIAIQNFMxH1Z_pThRB0OJuocjb7g" />
35-->src\main\AndroidManifest.xml:16:13-68
36
37        <activity
37-->src\main\AndroidManifest.xml:17:9-49:20
38            android:name="ru.driverHunter.MainActivity"
38-->src\main\AndroidManifest.xml:18:13-41
39            android:configChanges="orientation|keyboardHidden|keyboard|screenSize|smallestScreenSize|locale|layoutDirection|fontScale|screenLayout|density|uiMode"
39-->src\main\AndroidManifest.xml:21:13-163
40            android:hardwareAccelerated="true"
40-->src\main\AndroidManifest.xml:22:13-47
41            android:launchMode="singleTop"
41-->src\main\AndroidManifest.xml:19:13-43
42            android:theme="@style/LaunchTheme"
42-->src\main\AndroidManifest.xml:20:13-47
43            android:windowSoftInputMode="adjustResize" >
43-->src\main\AndroidManifest.xml:23:13-55
44
45            <!--
46                 Specifies an Android theme to apply to this Activity as soon as
47                 the Android process has started. This theme is visible to the user
48                 while the Flutter UI initializes. After that, this theme continues
49                 to determine the Window background behind the Flutter UI.
50            -->
51            <meta-data
51-->src\main\AndroidManifest.xml:28:13-31:17
52                android:name="io.flutter.embedding.android.NormalTheme"
52-->src\main\AndroidManifest.xml:29:15-70
53                android:resource="@style/NormalTheme" />
53-->src\main\AndroidManifest.xml:30:15-52
54            <!--
55                 Displays an Android View that continues showing the launch screen
56                 Drawable until Flutter paints its first frame, then this splash
57                 screen fades out. A splash screen is useful to avoid any visual
58                 gap between the end of Android's launch screen and the painting of
59                 Flutter's first frame.
60            -->
61            <meta-data
61-->src\main\AndroidManifest.xml:37:13-40:17
62                android:name="io.flutter.embedding.android.SplashScreenDrawable"
62-->src\main\AndroidManifest.xml:38:15-79
63                android:resource="@drawable/launch_background" />
63-->src\main\AndroidManifest.xml:39:15-61
64
65            <intent-filter>
65-->src\main\AndroidManifest.xml:41:13-44:29
66                <action android:name="android.intent.action.MAIN" />
66-->src\main\AndroidManifest.xml:42:17-68
66-->src\main\AndroidManifest.xml:42:25-66
67
68                <category android:name="android.intent.category.LAUNCHER" />
68-->src\main\AndroidManifest.xml:43:17-76
68-->src\main\AndroidManifest.xml:43:27-74
69            </intent-filter>
70            <intent-filter>
70-->src\main\AndroidManifest.xml:45:13-48:29
71                <action android:name="FLUTTER_NOTIFICATION_CLICK" />
71-->src\main\AndroidManifest.xml:46:17-69
71-->src\main\AndroidManifest.xml:46:25-66
72
73                <category android:name="android.intent.category.DEFAULT" />
73-->src\main\AndroidManifest.xml:47:17-76
73-->src\main\AndroidManifest.xml:47:27-73
74            </intent-filter>
75        </activity>
76        <!--
77             Don't delete the meta-data below.
78             This is used by the Flutter tool to generate GeneratedPluginRegistrant.java
79        -->
80        <meta-data
80-->src\main\AndroidManifest.xml:52:9-54:33
81            android:name="flutterEmbedding"
81-->src\main\AndroidManifest.xml:53:13-44
82            android:value="2" />
82-->src\main\AndroidManifest.xml:54:13-30
83
84        <service
84-->[:location] AndroidManifest.xml:11:9-15:56
85            android:name="com.lyokone.location.FlutterLocationService"
85-->[:location] AndroidManifest.xml:12:13-71
86            android:enabled="true"
86-->[:location] AndroidManifest.xml:13:13-35
87            android:exported="false"
87-->[:location] AndroidManifest.xml:14:13-37
88            android:foregroundServiceType="location" />
88-->[:location] AndroidManifest.xml:15:13-53
89        <service
89-->[:firebase_auth] AndroidManifest.xml:8:9-12:19
90            android:name="com.google.firebase.components.ComponentDiscoveryService"
90-->[:firebase_auth] AndroidManifest.xml:8:18-89
91            android:directBootAware="true"
91-->[com.google.firebase:firebase-common:19.3.0] AndroidManifest.xml:34:13-43
92            android:exported="false" >
92-->[com.google.firebase:firebase-auth:19.4.0] AndroidManifest.xml:35:13-37
93            <meta-data
93-->[:firebase_auth] AndroidManifest.xml:9:13-11:85
94                android:name="com.google.firebase.components:io.flutter.plugins.firebase.auth.FlutterFirebaseAuthRegistrar"
94-->[:firebase_auth] AndroidManifest.xml:10:17-124
95                android:value="com.google.firebase.components.ComponentRegistrar" />
95-->[:firebase_auth] AndroidManifest.xml:11:17-82
96            <meta-data
96-->[:firebase_core] AndroidManifest.xml:9:13-11:85
97                android:name="com.google.firebase.components:io.flutter.plugins.firebase.core.FlutterFirebaseCoreRegistrar"
97-->[:firebase_core] AndroidManifest.xml:10:17-124
98                android:value="com.google.firebase.components.ComponentRegistrar" />
98-->[:firebase_core] AndroidManifest.xml:11:17-82
99            <meta-data
99-->[:firebase_messaging] AndroidManifest.xml:14:13-16:85
100                android:name="com.google.firebase.components:io.flutter.plugins.firebasemessaging.FlutterFirebaseAppRegistrar"
100-->[:firebase_messaging] AndroidManifest.xml:15:17-127
101                android:value="com.google.firebase.components.ComponentRegistrar" />
101-->[:firebase_messaging] AndroidManifest.xml:16:17-82
102            <meta-data
102-->[com.google.firebase:firebase-auth:19.4.0] AndroidManifest.xml:36:13-38:85
103                android:name="com.google.firebase.components:com.google.firebase.auth.FirebaseAuthRegistrar"
103-->[com.google.firebase:firebase-auth:19.4.0] AndroidManifest.xml:37:17-109
104                android:value="com.google.firebase.components.ComponentRegistrar" />
104-->[com.google.firebase:firebase-auth:19.4.0] AndroidManifest.xml:38:17-82
105            <meta-data
105-->[com.google.firebase:firebase-messaging:20.3.0] AndroidManifest.xml:39:13-41:85
106                android:name="com.google.firebase.components:com.google.firebase.messaging.FirebaseMessagingRegistrar"
106-->[com.google.firebase:firebase-messaging:20.3.0] AndroidManifest.xml:40:17-119
107                android:value="com.google.firebase.components.ComponentRegistrar" />
107-->[com.google.firebase:firebase-messaging:20.3.0] AndroidManifest.xml:41:17-82
108            <meta-data
108-->[com.google.firebase:firebase-iid:20.3.0] AndroidManifest.xml:32:13-34:85
109                android:name="com.google.firebase.components:com.google.firebase.iid.Registrar"
109-->[com.google.firebase:firebase-iid:20.3.0] AndroidManifest.xml:33:17-96
110                android:value="com.google.firebase.components.ComponentRegistrar" />
110-->[com.google.firebase:firebase-iid:20.3.0] AndroidManifest.xml:34:17-82
111            <meta-data
111-->[com.google.android.gms:play-services-measurement-api:17.6.0] AndroidManifest.xml:30:13-32:85
112                android:name="com.google.firebase.components:com.google.firebase.analytics.connector.internal.AnalyticsConnectorRegistrar"
112-->[com.google.android.gms:play-services-measurement-api:17.6.0] AndroidManifest.xml:31:17-139
113                android:value="com.google.firebase.components.ComponentRegistrar" />
113-->[com.google.android.gms:play-services-measurement-api:17.6.0] AndroidManifest.xml:32:17-82
114            <meta-data
114-->[com.google.firebase:firebase-datatransport:17.0.3] AndroidManifest.xml:28:13-30:85
115                android:name="com.google.firebase.components:com.google.firebase.datatransport.TransportRegistrar"
115-->[com.google.firebase:firebase-datatransport:17.0.3] AndroidManifest.xml:29:17-115
116                android:value="com.google.firebase.components.ComponentRegistrar" />
116-->[com.google.firebase:firebase-datatransport:17.0.3] AndroidManifest.xml:30:17-82
117            <meta-data
117-->[com.google.firebase:firebase-installations:16.3.3] AndroidManifest.xml:17:13-19:85
118                android:name="com.google.firebase.components:com.google.firebase.installations.FirebaseInstallationsRegistrar"
118-->[com.google.firebase:firebase-installations:16.3.3] AndroidManifest.xml:18:17-127
119                android:value="com.google.firebase.components.ComponentRegistrar" />
119-->[com.google.firebase:firebase-installations:16.3.3] AndroidManifest.xml:19:17-82
120        </service>
121
122        <provider
122-->[:image_picker] AndroidManifest.xml:11:9-19:20
123            android:name="io.flutter.plugins.imagepicker.ImagePickerFileProvider"
123-->[:image_picker] AndroidManifest.xml:12:13-82
124            android:authorities="ru.driverHunter.flutter.image_provider"
124-->[:image_picker] AndroidManifest.xml:13:13-74
125            android:exported="false"
125-->[:image_picker] AndroidManifest.xml:14:13-37
126            android:grantUriPermissions="true" >
126-->[:image_picker] AndroidManifest.xml:15:13-47
127            <meta-data
127-->[:image_picker] AndroidManifest.xml:16:13-18:75
128                android:name="android.support.FILE_PROVIDER_PATHS"
128-->[:image_picker] AndroidManifest.xml:17:17-67
129                android:resource="@xml/flutter_image_picker_file_paths" />
129-->[:image_picker] AndroidManifest.xml:18:17-72
130        </provider>
131
132        <activity
132-->[:url_launcher] AndroidManifest.xml:8:9-11:74
133            android:name="io.flutter.plugins.urllauncher.WebViewActivity"
133-->[:url_launcher] AndroidManifest.xml:9:13-74
134            android:exported="false"
134-->[:url_launcher] AndroidManifest.xml:10:13-37
135            android:theme="@android:style/Theme.NoTitleBar.Fullscreen" />
135-->[:url_launcher] AndroidManifest.xml:11:13-71
136
137        <service android:name="io.flutter.plugins.firebasemessaging.FlutterFirebaseMessagingService" >
137-->[:firebase_messaging] AndroidManifest.xml:8:9-12:19
137-->[:firebase_messaging] AndroidManifest.xml:8:18-101
138            <intent-filter>
138-->[:firebase_messaging] AndroidManifest.xml:9:13-11:29
139                <action android:name="com.google.firebase.MESSAGING_EVENT" />
139-->[:firebase_messaging] AndroidManifest.xml:10:17-78
139-->[:firebase_messaging] AndroidManifest.xml:10:25-75
140            </intent-filter>
141        </service>
142
143        <activity
143-->[com.google.firebase:firebase-auth:19.4.0] AndroidManifest.xml:24:9-31:50
144            android:name="com.google.firebase.auth.internal.FederatedSignInActivity"
144-->[com.google.firebase:firebase-auth:19.4.0] AndroidManifest.xml:25:13-85
145            android:excludeFromRecents="true"
145-->[com.google.firebase:firebase-auth:19.4.0] AndroidManifest.xml:26:13-46
146            android:exported="true"
146-->[com.google.firebase:firebase-auth:19.4.0] AndroidManifest.xml:27:13-36
147            android:launchMode="singleTask"
147-->[com.google.firebase:firebase-auth:19.4.0] AndroidManifest.xml:28:13-44
148            android:permission="com.google.firebase.auth.api.gms.permission.LAUNCH_FEDERATED_SIGN_IN"
148-->[com.google.firebase:firebase-auth:19.4.0] AndroidManifest.xml:29:13-102
149            android:theme="@android:style/Theme.Translucent.NoTitleBar" />
149-->[com.google.firebase:firebase-auth:19.4.0] AndroidManifest.xml:30:13-72
150        <!--
151             FirebaseMessagingService performs security checks at runtime,
152             but set to not exported to explicitly avoid allowing another app to call it.
153        -->
154        <service
154-->[com.google.firebase:firebase-messaging:20.3.0] AndroidManifest.xml:28:9-35:19
155            android:name="com.google.firebase.messaging.FirebaseMessagingService"
155-->[com.google.firebase:firebase-messaging:20.3.0] AndroidManifest.xml:29:13-82
156            android:directBootAware="true"
156-->[com.google.firebase:firebase-messaging:20.3.0] AndroidManifest.xml:30:13-43
157            android:exported="false" >
157-->[com.google.firebase:firebase-messaging:20.3.0] AndroidManifest.xml:31:13-37
158            <intent-filter android:priority="-500" >
158-->[:firebase_messaging] AndroidManifest.xml:9:13-11:29
159                <action android:name="com.google.firebase.MESSAGING_EVENT" />
159-->[:firebase_messaging] AndroidManifest.xml:10:17-78
159-->[:firebase_messaging] AndroidManifest.xml:10:25-75
160            </intent-filter>
161        </service>
162
163        <receiver
163-->[com.google.firebase:firebase-iid:20.3.0] AndroidManifest.xml:37:9-44:20
164            android:name="com.google.firebase.iid.FirebaseInstanceIdReceiver"
164-->[com.google.firebase:firebase-iid:20.3.0] AndroidManifest.xml:38:13-78
165            android:exported="true"
165-->[com.google.firebase:firebase-iid:20.3.0] AndroidManifest.xml:39:13-36
166            android:permission="com.google.android.c2dm.permission.SEND" >
166-->[com.google.firebase:firebase-iid:20.3.0] AndroidManifest.xml:40:13-73
167            <intent-filter>
167-->[com.google.firebase:firebase-iid:20.3.0] AndroidManifest.xml:41:13-43:29
168                <action android:name="com.google.android.c2dm.intent.RECEIVE" />
168-->[com.google.firebase:firebase-iid:20.3.0] AndroidManifest.xml:42:17-81
168-->[com.google.firebase:firebase-iid:20.3.0] AndroidManifest.xml:42:25-78
169            </intent-filter>
170        </receiver>
171        <receiver
171-->[com.google.android.gms:play-services-measurement:17.6.0] AndroidManifest.xml:29:9-33:20
172            android:name="com.google.android.gms.measurement.AppMeasurementReceiver"
172-->[com.google.android.gms:play-services-measurement:17.6.0] AndroidManifest.xml:30:13-85
173            android:enabled="true"
173-->[com.google.android.gms:play-services-measurement:17.6.0] AndroidManifest.xml:31:13-35
174            android:exported="false" >
174-->[com.google.android.gms:play-services-measurement:17.6.0] AndroidManifest.xml:32:13-37
175        </receiver>
176
177        <service
177-->[com.google.android.gms:play-services-measurement:17.6.0] AndroidManifest.xml:35:9-38:40
178            android:name="com.google.android.gms.measurement.AppMeasurementService"
178-->[com.google.android.gms:play-services-measurement:17.6.0] AndroidManifest.xml:36:13-84
179            android:enabled="true"
179-->[com.google.android.gms:play-services-measurement:17.6.0] AndroidManifest.xml:37:13-35
180            android:exported="false" />
180-->[com.google.android.gms:play-services-measurement:17.6.0] AndroidManifest.xml:38:13-37
181        <service
181-->[com.google.android.gms:play-services-measurement:17.6.0] AndroidManifest.xml:39:9-43:72
182            android:name="com.google.android.gms.measurement.AppMeasurementJobService"
182-->[com.google.android.gms:play-services-measurement:17.6.0] AndroidManifest.xml:40:13-87
183            android:enabled="true"
183-->[com.google.android.gms:play-services-measurement:17.6.0] AndroidManifest.xml:41:13-35
184            android:exported="false"
184-->[com.google.android.gms:play-services-measurement:17.6.0] AndroidManifest.xml:42:13-37
185            android:permission="android.permission.BIND_JOB_SERVICE" /> <!-- Needs to be explicitly declared on P+ -->
185-->[com.google.android.gms:play-services-measurement:17.6.0] AndroidManifest.xml:43:13-69
186        <uses-library
186-->[com.google.android.gms:play-services-maps:17.0.0] AndroidManifest.xml:33:9-35:40
187            android:name="org.apache.http.legacy"
187-->[com.google.android.gms:play-services-maps:17.0.0] AndroidManifest.xml:34:13-50
188            android:required="false" />
188-->[com.google.android.gms:play-services-maps:17.0.0] AndroidManifest.xml:35:13-37
189
190        <activity
190-->[com.google.android.gms:play-services-base:17.2.1] AndroidManifest.xml:23:9-26:75
191            android:name="com.google.android.gms.common.api.GoogleApiActivity"
191-->[com.google.android.gms:play-services-base:17.2.1] AndroidManifest.xml:24:13-79
192            android:exported="false"
192-->[com.google.android.gms:play-services-base:17.2.1] AndroidManifest.xml:25:13-37
193            android:theme="@android:style/Theme.Translucent.NoTitleBar" />
193-->[com.google.android.gms:play-services-base:17.2.1] AndroidManifest.xml:26:13-72
194
195        <provider
195-->[com.google.firebase:firebase-common:19.3.0] AndroidManifest.xml:26:9-30:39
196            android:name="com.google.firebase.provider.FirebaseInitProvider"
196-->[com.google.firebase:firebase-common:19.3.0] AndroidManifest.xml:27:13-77
197            android:authorities="ru.driverHunter.firebaseinitprovider"
197-->[com.google.firebase:firebase-common:19.3.0] AndroidManifest.xml:28:13-72
198            android:exported="false"
198-->[com.google.firebase:firebase-common:19.3.0] AndroidManifest.xml:29:13-37
199            android:initOrder="100" />
199-->[com.google.firebase:firebase-common:19.3.0] AndroidManifest.xml:30:13-36
200
201        <meta-data
201-->[com.google.android.gms:play-services-basement:17.2.1] AndroidManifest.xml:23:9-25:69
202            android:name="com.google.android.gms.version"
202-->[com.google.android.gms:play-services-basement:17.2.1] AndroidManifest.xml:24:13-58
203            android:value="@integer/google_play_services_version" />
203-->[com.google.android.gms:play-services-basement:17.2.1] AndroidManifest.xml:25:13-66
204
205        <service
205-->[com.google.android.datatransport:transport-backend-cct:2.2.0] AndroidManifest.xml:29:9-35:19
206            android:name="com.google.android.datatransport.runtime.backends.TransportBackendDiscovery"
206-->[com.google.android.datatransport:transport-backend-cct:2.2.0] AndroidManifest.xml:30:13-103
207            android:exported="false" >
207-->[com.google.android.datatransport:transport-backend-cct:2.2.0] AndroidManifest.xml:31:13-37
208            <meta-data
208-->[com.google.android.datatransport:transport-backend-cct:2.2.0] AndroidManifest.xml:32:13-34:39
209                android:name="backend:com.google.android.datatransport.cct.CctBackendFactory"
209-->[com.google.android.datatransport:transport-backend-cct:2.2.0] AndroidManifest.xml:33:17-94
210                android:value="cct" />
210-->[com.google.android.datatransport:transport-backend-cct:2.2.0] AndroidManifest.xml:34:17-36
211        </service>
212        <service
212-->[com.google.android.datatransport:transport-runtime:2.2.0] AndroidManifest.xml:26:9-30:19
213            android:name="com.google.android.datatransport.runtime.scheduling.jobscheduling.JobInfoSchedulerService"
213-->[com.google.android.datatransport:transport-runtime:2.2.0] AndroidManifest.xml:27:13-117
214            android:exported="false"
214-->[com.google.android.datatransport:transport-runtime:2.2.0] AndroidManifest.xml:28:13-37
215            android:permission="android.permission.BIND_JOB_SERVICE" >
215-->[com.google.android.datatransport:transport-runtime:2.2.0] AndroidManifest.xml:29:13-69
216        </service>
217
218        <receiver
218-->[com.google.android.datatransport:transport-runtime:2.2.0] AndroidManifest.xml:32:9-34:40
219            android:name="com.google.android.datatransport.runtime.scheduling.jobscheduling.AlarmManagerSchedulerBroadcastReceiver"
219-->[com.google.android.datatransport:transport-runtime:2.2.0] AndroidManifest.xml:33:13-132
220            android:exported="false" />
220-->[com.google.android.datatransport:transport-runtime:2.2.0] AndroidManifest.xml:34:13-37
221    </application>
222
223</manifest>